# Logfile created on 2014-02-22 18:36:04 +0000 by logger.rb/44203
I, [2014-02-22T18:36:04.756728 #45927]  INFO -- : 0:  rake (10.1.1) from /Users/hamiltonchapman/.rvm/gems/ruby-2.1.0/specifications/rake-10.1.1.gemspec
I, [2014-02-22T18:36:04.757064 #45927]  INFO -- : 0:  i18n (0.6.9) from /Users/hamiltonchapman/.rvm/gems/ruby-2.1.0/specifications/i18n-0.6.9.gemspec
I, [2014-02-22T18:36:04.757356 #45927]  INFO -- : 0:  minitest (4.7.5) from /Users/hamiltonchapman/.rvm/rubies/ruby-2.1.0/lib/ruby/gems/2.1.0/specifications/default/minitest-4.7.5.gemspec
I, [2014-02-22T18:36:04.757624 #45927]  INFO -- : 0:  multi_json (1.8.4) from /Users/hamiltonchapman/.rvm/gems/ruby-2.1.0/specifications/multi_json-1.8.4.gemspec
I, [2014-02-22T18:36:04.757888 #45927]  INFO -- : 0:  atomic (1.1.14) from /Users/hamiltonchapman/.rvm/gems/ruby-2.1.0/specifications/atomic-1.1.14.gemspec
I, [2014-02-22T18:36:04.758140 #45927]  INFO -- : 0:  thread_safe (0.1.3) from /Users/hamiltonchapman/.rvm/gems/ruby-2.1.0/specifications/thread_safe-0.1.3.gemspec
I, [2014-02-22T18:36:04.758365 #45927]  INFO -- : 0:  tzinfo (0.3.38) from /Users/hamiltonchapman/.rvm/gems/ruby-2.1.0/specifications/tzinfo-0.3.38.gemspec
I, [2014-02-22T18:36:06.352642 #45927]  INFO -- : 0:  activesupport (4.0.0) from /Users/hamiltonchapman/.rvm/gems/ruby-2.1.0/specifications/activesupport-4.0.0.gemspec
I, [2014-02-22T18:36:06.353436 #45927]  INFO -- : 0:  builder (3.1.4) from /Users/hamiltonchapman/.rvm/gems/ruby-2.1.0/specifications/builder-3.1.4.gemspec
I, [2014-02-22T18:36:06.353793 #45927]  INFO -- : 0:  erubis (2.7.0) from /Users/hamiltonchapman/.rvm/gems/ruby-2.1.0/specifications/erubis-2.7.0.gemspec
I, [2014-02-22T18:36:06.354129 #45927]  INFO -- : 0:  rack (1.5.2) from /Users/hamiltonchapman/.rvm/gems/ruby-2.1.0/specifications/rack-1.5.2.gemspec
I, [2014-02-22T18:36:06.354469 #45927]  INFO -- : 0:  rack-test (0.6.2) from /Users/hamiltonchapman/.rvm/gems/ruby-2.1.0/specifications/rack-test-0.6.2.gemspec
I, [2014-02-22T18:36:08.397300 #45927]  INFO -- : 0:  actionpack (4.0.0) from /Users/hamiltonchapman/.rvm/gems/ruby-2.1.0/specifications/actionpack-4.0.0.gemspec
I, [2014-02-22T18:36:08.397604 #45927]  INFO -- : 0:  mime-types (1.25.1) from /Users/hamiltonchapman/.rvm/gems/ruby-2.1.0/specifications/mime-types-1.25.1.gemspec
I, [2014-02-22T18:36:08.397833 #45927]  INFO -- : 0:  polyglot (0.3.4) from /Users/hamiltonchapman/.rvm/gems/ruby-2.1.0/specifications/polyglot-0.3.4.gemspec
I, [2014-02-22T18:36:08.398046 #45927]  INFO -- : 0:  treetop (1.4.15) from /Users/hamiltonchapman/.rvm/gems/ruby-2.1.0/specifications/treetop-1.4.15.gemspec
I, [2014-02-22T18:36:08.398249 #45927]  INFO -- : 0:  mail (2.5.4) from /Users/hamiltonchapman/.rvm/gems/ruby-2.1.0/specifications/mail-2.5.4.gemspec
I, [2014-02-22T18:36:09.863508 #45927]  INFO -- : 0:  actionmailer (4.0.0) from /Users/hamiltonchapman/.rvm/gems/ruby-2.1.0/specifications/actionmailer-4.0.0.gemspec
I, [2014-02-22T18:36:11.118911 #45927]  INFO -- : 0:  activemodel (4.0.0) from /Users/hamiltonchapman/.rvm/gems/ruby-2.1.0/specifications/activemodel-4.0.0.gemspec
I, [2014-02-22T18:36:11.119258 #45927]  INFO -- : 0:  activerecord-deprecated_finders (1.0.3) from /Users/hamiltonchapman/.rvm/gems/ruby-2.1.0/specifications/activerecord-deprecated_finders-1.0.3.gemspec
I, [2014-02-22T18:36:11.119518 #45927]  INFO -- : 0:  arel (4.0.2) from /Users/hamiltonchapman/.rvm/gems/ruby-2.1.0/specifications/arel-4.0.2.gemspec
I, [2014-02-22T18:36:13.337831 #45927]  INFO -- : 0:  activerecord (4.0.0) from /Users/hamiltonchapman/.rvm/gems/ruby-2.1.0/specifications/activerecord-4.0.0.gemspec
I, [2014-02-22T18:36:14.653580 #45927]  INFO -- : 0:  addressable (2.3.5) from /Users/hamiltonchapman/.rvm/gems/ruby-2.1.0/specifications/addressable-2.3.5.gemspec
I, [2014-02-22T18:36:16.876862 #45927]  INFO -- : 0:  bcrypt-ruby (3.1.2) from /Users/hamiltonchapman/.rvm/gems/ruby-2.1.0/specifications/bcrypt-ruby-3.1.2.gemspec
I, [2014-02-22T18:36:18.504595 #45927]  INFO -- : 0:  sass (3.2.14) from /Users/hamiltonchapman/.rvm/gems/ruby-2.1.0/specifications/sass-3.2.14.gemspec
I, [2014-02-22T18:36:18.504960 #45927]  INFO -- : 0:  thor (0.18.1) from /Users/hamiltonchapman/.rvm/gems/ruby-2.1.0/specifications/thor-0.18.1.gemspec
I, [2014-02-22T18:36:20.288054 #45927]  INFO -- : 0:  bourbon (3.1.8) from /Users/hamiltonchapman/.rvm/gems/ruby-2.1.0/specifications/bourbon-3.1.8.gemspec
I, [2014-02-22T18:36:21.576815 #45927]  INFO -- : 0:  buftok (0.2.0) from /Users/hamiltonchapman/.rvm/gems/ruby-2.1.0/specifications/buftok-0.2.0.gemspec
I, [2014-02-22T18:36:21.577249 #45927]  INFO -- : 0:  bundler (1.5.1) from /Users/hamiltonchapman/.rvm/gems/ruby-2.1.0@global/specifications/bundler-1.5.1.gemspec
I, [2014-02-22T18:36:22.898183 #45927]  INFO -- : 0:  mini_portile (0.5.2) from /Users/hamiltonchapman/.rvm/gems/ruby-2.1.0/specifications/mini_portile-0.5.2.gemspec
I, [2014-02-22T18:37:47.959203 #45927]  INFO -- : 0:  nokogiri (1.6.1) from /Users/hamiltonchapman/.rvm/gems/ruby-2.1.0/specifications/nokogiri-1.6.1.gemspec
I, [2014-02-22T18:37:49.370783 #45927]  INFO -- : 0:  xpath (2.0.0) from /Users/hamiltonchapman/.rvm/gems/ruby-2.1.0/specifications/xpath-2.0.0.gemspec
I, [2014-02-22T18:37:50.812711 #45927]  INFO -- : 0:  capybara (2.2.1) from /Users/hamiltonchapman/.rvm/gems/ruby-2.1.0/specifications/capybara-2.2.1.gemspec
I, [2014-02-22T18:37:52.832294 #45927]  INFO -- : 0:  coffee-script-source (1.7.0) from /Users/hamiltonchapman/.rvm/gems/ruby-2.1.0/specifications/coffee-script-source-1.7.0.gemspec
I, [2014-02-22T18:37:54.087094 #45927]  INFO -- : 0:  execjs (2.0.2) from /Users/hamiltonchapman/.rvm/gems/ruby-2.1.0/specifications/execjs-2.0.2.gemspec
I, [2014-02-22T18:37:55.064302 #45927]  INFO -- : 0:  coffee-script (2.2.0) from /Users/hamiltonchapman/.rvm/gems/ruby-2.1.0/specifications/coffee-script-2.2.0.gemspec
I, [2014-02-22T18:37:57.130504 #45927]  INFO -- : 0:  railties (4.0.0) from /Users/hamiltonchapman/.rvm/gems/ruby-2.1.0/specifications/railties-4.0.0.gemspec
I, [2014-02-22T18:37:58.189044 #45927]  INFO -- : 0:  coffee-rails (4.0.1) from /Users/hamiltonchapman/.rvm/gems/ruby-2.1.0/specifications/coffee-rails-4.0.1.gemspec
I, [2014-02-22T18:37:59.289007 #45927]  INFO -- : 0:  safe_yaml (1.0.1) from /Users/hamiltonchapman/.rvm/gems/ruby-2.1.0/specifications/safe_yaml-1.0.1.gemspec
I, [2014-02-22T18:38:00.840162 #45927]  INFO -- : 0:  crack (0.4.2) from /Users/hamiltonchapman/.rvm/gems/ruby-2.1.0/specifications/crack-0.4.2.gemspec
I, [2014-02-22T18:38:01.928893 #45927]  INFO -- : 0:  diff-lcs (1.2.5) from /Users/hamiltonchapman/.rvm/gems/ruby-2.1.0/specifications/diff-lcs-1.2.5.gemspec
I, [2014-02-22T18:38:21.092243 #45927]  INFO -- : 0:  gherkin (2.12.2) from /Users/hamiltonchapman/.rvm/gems/ruby-2.1.0/specifications/gherkin-2.12.2.gemspec
I, [2014-02-22T18:38:22.130097 #45927]  INFO -- : 0:  multi_test (0.0.3) from /Users/hamiltonchapman/.rvm/gems/ruby-2.1.0/specifications/multi_test-0.0.3.gemspec
I, [2014-02-22T18:38:24.113080 #45927]  INFO -- : 0:  cucumber (1.3.10) from /Users/hamiltonchapman/.rvm/gems/ruby-2.1.0/specifications/cucumber-1.3.10.gemspec
I, [2014-02-22T18:38:24.113428 #45927]  INFO -- : 0:  hike (1.2.3) from /Users/hamiltonchapman/.rvm/gems/ruby-2.1.0/specifications/hike-1.2.3.gemspec
I, [2014-02-22T18:38:24.113676 #45927]  INFO -- : 0:  tilt (1.4.1) from /Users/hamiltonchapman/.rvm/gems/ruby-2.1.0/specifications/tilt-1.4.1.gemspec
I, [2014-02-22T18:38:25.353575 #45927]  INFO -- : 0:  sprockets (2.10.1) from /Users/hamiltonchapman/.rvm/gems/ruby-2.1.0/specifications/sprockets-2.10.1.gemspec
I, [2014-02-22T18:38:25.353917 #45927]  INFO -- : 0:  sprockets-rails (2.0.1) from /Users/hamiltonchapman/.rvm/gems/ruby-2.1.0/specifications/sprockets-rails-2.0.1.gemspec
I, [2014-02-22T18:38:28.782635 #45927]  INFO -- : 0:  rails (4.0.0) from /Users/hamiltonchapman/.rvm/gems/ruby-2.1.0/specifications/rails-4.0.0.gemspec
I, [2014-02-22T18:38:30.515645 #45927]  INFO -- : 0:  cucumber-rails (1.4.0) from /Users/hamiltonchapman/.rvm/gems/ruby-2.1.0/specifications/cucumber-rails-1.4.0.gemspec
I, [2014-02-22T18:38:32.150653 #45927]  INFO -- : 0:  database_cleaner (1.2.0) from /Users/hamiltonchapman/.rvm/gems/ruby-2.1.0/specifications/database_cleaner-1.2.0.gemspec
I, [2014-02-22T18:38:33.142740 #45927]  INFO -- : 0:  descendants_tracker (0.0.3) from /Users/hamiltonchapman/.rvm/gems/ruby-2.1.0/specifications/descendants_tracker-0.0.3.gemspec
I, [2014-02-22T18:38:34.315531 #45927]  INFO -- : 0:  orm_adapter (0.5.0) from /Users/hamiltonchapman/.rvm/gems/ruby-2.1.0/specifications/orm_adapter-0.5.0.gemspec
I, [2014-02-22T18:38:36.040940 #45927]  INFO -- : 0:  warden (1.2.3) from /Users/hamiltonchapman/.rvm/gems/ruby-2.1.0/specifications/warden-1.2.3.gemspec
I, [2014-02-22T18:38:37.585562 #45927]  INFO -- : 0:  devise (3.2.2) from /Users/hamiltonchapman/.rvm/gems/ruby-2.1.0/specifications/devise-3.2.2.gemspec
I, [2014-02-22T18:38:39.006551 #45927]  INFO -- : 0:  equalizer (0.0.9) from /Users/hamiltonchapman/.rvm/gems/ruby-2.1.0/specifications/equalizer-0.0.9.gemspec
I, [2014-02-22T18:38:41.085769 #45927]  INFO -- : 0:  evernote-thrift (1.25.1) from /Users/hamiltonchapman/.rvm/gems/ruby-2.1.0/specifications/evernote-thrift-1.25.1.gemspec
I, [2014-02-22T18:38:42.274021 #45927]  INFO -- : 0:  oauth (0.4.7) from /Users/hamiltonchapman/.rvm/gems/ruby-2.1.0/specifications/oauth-0.4.7.gemspec
I, [2014-02-22T18:38:43.612245 #45927]  INFO -- : 0:  evernote_oauth (0.2.3) from /Users/hamiltonchapman/.rvm/gems/ruby-2.1.0/specifications/evernote_oauth-0.2.3.gemspec
I, [2014-02-22T18:38:45.507637 #45927]  INFO -- : 0:  factory_girl (4.4.0) from /Users/hamiltonchapman/.rvm/gems/ruby-2.1.0/specifications/factory_girl-4.4.0.gemspec
I, [2014-02-22T18:38:46.791901 #45927]  INFO -- : 0:  factory_girl_rails (4.4.0) from /Users/hamiltonchapman/.rvm/gems/ruby-2.1.0/specifications/factory_girl_rails-4.4.0.gemspec
I, [2014-02-22T18:38:48.647283 #45927]  INFO -- : 0:  multipart-post (1.2.0) from /Users/hamiltonchapman/.rvm/gems/ruby-2.1.0/specifications/multipart-post-1.2.0.gemspec
I, [2014-02-22T18:38:50.144030 #45927]  INFO -- : 0:  faraday (0.8.9) from /Users/hamiltonchapman/.rvm/gems/ruby-2.1.0/specifications/faraday-0.8.9.gemspec
I, [2014-02-22T18:38:51.936604 #45927]  INFO -- : 0:  faraday_middleware (0.9.0) from /Users/hamiltonchapman/.rvm/gems/ruby-2.1.0/specifications/faraday_middleware-0.9.0.gemspec
I, [2014-02-22T18:38:53.501204 #45927]  INFO -- : 0:  fitgem (0.9.0) from /Users/hamiltonchapman/.rvm/gems/ruby-2.1.0/specifications/fitgem-0.9.0.gemspec
I, [2014-02-22T18:38:54.763276 #45927]  INFO -- : 0:  gravtastic (3.2.6) from /Users/hamiltonchapman/.rvm/gems/ruby-2.1.0/specifications/gravtastic-3.2.6.gemspec
I, [2014-02-22T18:38:57.778892 #45927]  INFO -- : 0:  haml (4.1.0.beta.1) from /Users/hamiltonchapman/.rvm/gems/ruby-2.1.0/specifications/haml-4.1.0.beta.1.gemspec
I, [2014-02-22T18:38:58.860307 #45927]  INFO -- : 0:  haml-rails (0.5.1) from /Users/hamiltonchapman/.rvm/gems/ruby-2.1.0/specifications/haml-rails-0.5.1.gemspec
I, [2014-02-22T18:39:00.306244 #45927]  INFO -- : 0:  hashie (2.0.5) from /Users/hamiltonchapman/.rvm/gems/ruby-2.1.0/specifications/hashie-2.0.5.gemspec
I, [2014-02-22T18:39:07.864156 #45927]  INFO -- : 0:  hpricot (0.8.6) from /Users/hamiltonchapman/.rvm/gems/ruby-2.1.0/specifications/hpricot-0.8.6.gemspec
I, [2014-02-22T18:39:09.752632 #45927]  INFO -- : 0:  sexp_processor (4.4.1) from /Users/hamiltonchapman/.rvm/gems/ruby-2.1.0/specifications/sexp_processor-4.4.1.gemspec
I, [2014-02-22T18:39:11.332204 #45927]  INFO -- : 0:  ruby_parser (3.1.3) from /Users/hamiltonchapman/.rvm/gems/ruby-2.1.0/specifications/ruby_parser-3.1.3.gemspec
I, [2014-02-22T18:39:12.847291 #45927]  INFO -- : 0:  html2haml (1.0.1) from /Users/hamiltonchapman/.rvm/gems/ruby-2.1.0/specifications/html2haml-1.0.1.gemspec
I, [2014-02-22T18:39:14.644693 #45927]  INFO -- : 0:  http_parser.rb (0.6.0) from /Users/hamiltonchapman/.rvm/gems/ruby-2.1.0/specifications/http_parser.rb-0.6.0.gemspec
I, [2014-02-22T18:39:16.500904 #45927]  INFO -- : 0:  http (0.5.0) from /Users/hamiltonchapman/.rvm/gems/ruby-2.1.0/specifications/http-0.5.0.gemspec
I, [2014-02-22T18:39:16.501272 #45927]  INFO -- : 0:  json (1.8.1) from /Users/hamiltonchapman/.rvm/rubies/ruby-2.1.0/lib/ruby/gems/2.1.0/specifications/default/json-1.8.1.gemspec
I, [2014-02-22T18:39:17.737162 #45927]  INFO -- : 0:  multi_xml (0.5.5) from /Users/hamiltonchapman/.rvm/gems/ruby-2.1.0/specifications/multi_xml-0.5.5.gemspec
I, [2014-02-22T18:39:18.907709 #45927]  INFO -- : 0:  httparty (0.13.0) from /Users/hamiltonchapman/.rvm/gems/ruby-2.1.0/specifications/httparty-0.13.0.gemspec
I, [2014-02-22T18:39:20.367976 #45927]  INFO -- : 0:  rash (0.4.0) from /Users/hamiltonchapman/.rvm/gems/ruby-2.1.0/specifications/rash-0.4.0.gemspec
I, [2014-02-22T18:39:21.501154 #45927]  INFO -- : 0:  simple_oauth (0.2.0) from /Users/hamiltonchapman/.rvm/gems/ruby-2.1.0/specifications/simple_oauth-0.2.0.gemspec
I, [2014-02-22T18:39:22.563547 #45927]  INFO -- : 0:  instapaper (0.3.0) from /Users/hamiltonchapman/.rvm/gems/ruby-2.1.0/specifications/instapaper-0.3.0.gemspec
I, [2014-02-22T18:39:24.267933 #45927]  INFO -- : 0:  jbuilder (1.5.3) from /Users/hamiltonchapman/.rvm/gems/ruby-2.1.0/specifications/jbuilder-1.5.3.gemspec
I, [2014-02-22T18:39:26.264226 #45927]  INFO -- : 0:  jquery-rails (3.1.0) from /Users/hamiltonchapman/.rvm/gems/ruby-2.1.0/specifications/jquery-rails-3.1.0.gemspec
I, [2014-02-22T18:39:27.324274 #45927]  INFO -- : 0:  jwt (0.1.11) from /Users/hamiltonchapman/.rvm/gems/ruby-2.1.0/specifications/jwt-0.1.11.gemspec
I, [2014-02-22T18:39:29.429315 #45927]  INFO -- : 0:  koala (1.8.0) from /Users/hamiltonchapman/.rvm/gems/ruby-2.1.0/specifications/koala-1.8.0.gemspec
I, [2014-02-22T18:39:30.560950 #45927]  INFO -- : 0:  memoizable (0.4.0) from /Users/hamiltonchapman/.rvm/gems/ruby-2.1.0/specifications/memoizable-0.4.0.gemspec
I, [2014-02-22T18:39:32.682607 #45927]  INFO -- : 0:  rest-client (1.6.7) from /Users/hamiltonchapman/.rvm/gems/ruby-2.1.0/specifications/rest-client-1.6.7.gemspec
I, [2014-02-22T18:39:33.885862 #45927]  INFO -- : 0:  moves (0.0.4) from /Users/hamiltonchapman/.rvm/gems/ruby-2.1.0/specifications/moves-0.0.4.gemspec
I, [2014-02-22T18:39:35.304454 #45927]  INFO -- : 0:  neat (1.5.0) from /Users/hamiltonchapman/.rvm/gems/ruby-2.1.0/specifications/neat-1.5.0.gemspec
I, [2014-02-22T18:39:36.603042 #45927]  INFO -- : 0:  oauth2 (0.9.3) from /Users/hamiltonchapman/.rvm/gems/ruby-2.1.0/specifications/oauth2-0.9.3.gemspec
I, [2014-02-22T18:39:38.241979 #45927]  INFO -- : 0:  sawyer (0.5.3) from /Users/hamiltonchapman/.rvm/gems/ruby-2.1.0/specifications/sawyer-0.5.3.gemspec
I, [2014-02-22T18:39:39.713867 #45927]  INFO -- : 0:  octokit (2.7.1) from /Users/hamiltonchapman/.rvm/gems/ruby-2.1.0/specifications/octokit-2.7.1.gemspec
I, [2014-02-22T18:39:41.169022 #45927]  INFO -- : 0:  omniauth (1.2.1) from /Users/hamiltonchapman/.rvm/gems/ruby-2.1.0/specifications/omniauth-1.2.1.gemspec
I, [2014-02-22T18:39:42.152543 #45927]  INFO -- : 0:  omniauth-oauth2 (1.1.2) from /Users/hamiltonchapman/.rvm/gems/ruby-2.1.0/specifications/omniauth-oauth2-1.1.2.gemspec
I, [2014-02-22T18:39:43.147724 #45927]  INFO -- : 0:  omniauth-clef (1.0.2) from /Users/hamiltonchapman/.rvm/gems/ruby-2.1.0/specifications/omniauth-clef-1.0.2.gemspec
I, [2014-02-22T18:39:44.579950 #45927]  INFO -- : 0:  omniauth-oauth (1.0.1) from /Users/hamiltonchapman/.rvm/gems/ruby-2.1.0/specifications/omniauth-oauth-1.0.1.gemspec
I, [2014-02-22T18:39:45.633041 #45927]  INFO -- : 0:  omniauth-evernote (1.2.0) from /Users/hamiltonchapman/.rvm/gems/ruby-2.1.0/specifications/omniauth-evernote-1.2.0.gemspec
I, [2014-02-22T18:39:46.823386 #45927]  INFO -- : 0:  omniauth-facebook (1.6.0) from /Users/hamiltonchapman/.rvm/gems/ruby-2.1.0/specifications/omniauth-facebook-1.6.0.gemspec
I, [2014-02-22T18:39:48.891898 #45927]  INFO -- : 0:  omniauth-fitbit (1.0.3) from /Users/hamiltonchapman/.rvm/gems/ruby-2.1.0/specifications/omniauth-fitbit-1.0.3.gemspec
I, [2014-02-22T18:39:49.860367 #45927]  INFO -- : 0:  omniauth-instagram (1.0.1) from /Users/hamiltonchapman/.rvm/gems/ruby-2.1.0/specifications/omniauth-instagram-1.0.1.gemspec
I, [2014-02-22T18:39:50.985017 #45927]  INFO -- : 0:  omniauth-xauth (0.0.2) from /Users/hamiltonchapman/.rvm/gems/ruby-2.1.0/specifications/omniauth-xauth-0.0.2.gemspec
I, [2014-02-22T18:39:52.144929 #45927]  INFO -- : 0:  omniauth-instapaper (0.2.0) from /Users/hamiltonchapman/.rvm/gems/ruby-2.1.0/specifications/omniauth-instapaper-0.2.0.gemspec
I, [2014-02-22T18:39:53.827496 #45927]  INFO -- : 0:  omniauth-lastfm (0.0.5) from /Users/hamiltonchapman/.rvm/gems/ruby-2.1.0/specifications/omniauth-lastfm-0.0.5.gemspec
I, [2014-02-22T18:39:54.783632 #45927]  INFO -- : 0:  omniauth-moves (0.0.1) from /Users/hamiltonchapman/.rvm/gems/ruby-2.1.0/specifications/omniauth-moves-0.0.1.gemspec
I, [2014-02-22T18:39:56.361284 #45927]  INFO -- : 0:  omniauth-pocket (0.1.0) from /Users/hamiltonchapman/.rvm/gems/ruby-2.1.0/specifications/omniauth-pocket-0.1.0.gemspec
I, [2014-02-22T18:39:57.581863 #45927]  INFO -- : 0:  omniauth-rdio (0.1.0) from /Users/hamiltonchapman/.rvm/gems/ruby-2.1.0/specifications/omniauth-rdio-0.1.0.gemspec
I, [2014-02-22T18:39:58.775463 #45927]  INFO -- : 0:  omniauth-twitter (1.0.1) from /Users/hamiltonchapman/.rvm/gems/ruby-2.1.0/specifications/omniauth-twitter-1.0.1.gemspec
I, [2014-02-22T18:40:03.633960 #45927]  INFO -- : 0:  pg (0.17.1) from /Users/hamiltonchapman/.rvm/gems/ruby-2.1.0/specifications/pg-0.17.1.gemspec
I, [2014-02-22T18:40:06.595066 #45927]  INFO -- : 0:  rdoc (4.1.1) from /Users/hamiltonchapman/.rvm/gems/ruby-2.1.0/specifications/rdoc-4.1.1.gemspec
I, [2014-02-22T18:40:08.215761 #45927]  INFO -- : 0:  rspec-support (3.0.0.beta2) from /Users/hamiltonchapman/.rvm/gems/ruby-2.1.0/specifications/rspec-support-3.0.0.beta2.gemspec
I, [2014-02-22T18:40:09.742217 #45927]  INFO -- : 0:  rspec-expectations (3.0.0.beta2) from /Users/hamiltonchapman/.rvm/gems/ruby-2.1.0/specifications/rspec-expectations-3.0.0.beta2.gemspec
I, [2014-02-22T18:40:10.880288 #45927]  INFO -- : 0:  rspec-collection_matchers (0.0.3) from /Users/hamiltonchapman/.rvm/gems/ruby-2.1.0/specifications/rspec-collection_matchers-0.0.3.gemspec
I, [2014-02-22T18:40:13.370835 #45927]  INFO -- : 0:  rspec-core (3.0.0.beta2) from /Users/hamiltonchapman/.rvm/gems/ruby-2.1.0/specifications/rspec-core-3.0.0.beta2.gemspec
I, [2014-02-22T18:40:14.630438 #45927]  INFO -- : 0:  rspec-mocks (3.0.0.beta2) from /Users/hamiltonchapman/.rvm/gems/ruby-2.1.0/specifications/rspec-mocks-3.0.0.beta2.gemspec
I, [2014-02-22T18:40:16.644040 #45927]  INFO -- : 0:  rspec-rails (3.0.0.beta2) from /Users/hamiltonchapman/.rvm/gems/ruby-2.1.0/specifications/rspec-rails-3.0.0.beta2.gemspec
I, [2014-02-22T18:40:17.746924 #45927]  INFO -- : 0:  rufus-scheduler (3.0.6) from /Users/hamiltonchapman/.rvm/gems/ruby-2.1.0/specifications/rufus-scheduler-3.0.6.gemspec
I, [2014-02-22T18:40:19.187106 #45927]  INFO -- : 0:  sass-rails (4.0.1) from /Users/hamiltonchapman/.rvm/gems/ruby-2.1.0/specifications/sass-rails-4.0.1.gemspec
I, [2014-02-22T18:40:21.515932 #45927]  INFO -- : 0:  sdoc (0.4.0) from /Users/hamiltonchapman/.rvm/gems/ruby-2.1.0/specifications/sdoc-0.4.0.gemspec
I, [2014-02-22T18:40:22.858349 #45927]  INFO -- : 0:  turbolinks (2.2.1) from /Users/hamiltonchapman/.rvm/gems/ruby-2.1.0/specifications/turbolinks-2.2.1.gemspec
I, [2014-02-22T18:40:26.859518 #45927]  INFO -- : 0:  twitter (5.5.1) from /Users/hamiltonchapman/.rvm/gems/ruby-2.1.0/specifications/twitter-5.5.1.gemspec
I, [2014-02-22T18:40:29.031498 #45927]  INFO -- : 0:  uglifier (2.4.0) from /Users/hamiltonchapman/.rvm/gems/ruby-2.1.0/specifications/uglifier-2.4.0.gemspec
I, [2014-02-22T18:40:30.590730 #45927]  INFO -- : 0:  vcr (2.8.0) from /Users/hamiltonchapman/.rvm/gems/ruby-2.1.0/specifications/vcr-2.8.0.gemspec
I, [2014-02-22T18:40:32.320989 #45927]  INFO -- : 0:  webmock (1.17.3) from /Users/hamiltonchapman/.rvm/gems/ruby-2.1.0/specifications/webmock-1.17.3.gemspec
